{"C:\\Users\\Liliane\\Documents\\MyBrand-Backend\\app.js": {"path":"C:\\Users\\Liliane\\Documents\\MyBrand-Backend\\app.js","statementMap":{"0":{"start":{"line":1,"column":0},"end":{"line":1,"column":27}},"1":{"start":{"line":2,"column":16},"end":{"line":2,"column":34}},"2":{"start":{"line":3,"column":17},"end":{"line":3,"column":36}},"3":{"start":{"line":4,"column":13},"end":{"line":4,"column":28}},"4":{"start":{"line":5,"column":18},"end":{"line":5,"column":37}},"5":{"start":{"line":6,"column":18},"end":{"line":6,"column":47}},"6":{"start":{"line":7,"column":21},"end":{"line":7,"column":45}},"7":{"start":{"line":8,"column":13},"end":{"line":8,"column":28}},"8":{"start":{"line":10,"column":12},"end":{"line":10,"column":21}},"9":{"start":{"line":13,"column":17},"end":{"line":13,"column":31}},"10":{"start":{"line":16,"column":0},"end":{"line":16,"column":31}},"11":{"start":{"line":19,"column":0},"end":{"line":19,"column":24}},"12":{"start":{"line":22,"column":23},"end":{"line":42,"column":1}},"13":{"start":{"line":45,"column":20},"end":{"line":45,"column":48}},"14":{"start":{"line":48,"column":0},"end":{"line":48,"column":68}},"15":{"start":{"line":51,"column":0},"end":{"line":55,"column":3}},"16":{"start":{"line":52,"column":2},"end":{"line":54,"column":5}},"17":{"start":{"line":58,"column":0},"end":{"line":58,"column":30}},"18":{"start":{"line":61,"column":0},"end":{"line":61,"column":21}}},"fnMap":{"0":{"name":"(anonymous_0)","decl":{"start":{"line":51,"column":13},"end":{"line":51,"column":14}},"loc":{"start":{"line":51,"column":27},"end":{"line":55,"column":1}},"line":51}},"branchMap":{},"s":{"0":5,"1":5,"2":5,"3":5,"4":5,"5":5,"6":5,"7":5,"8":5,"9":5,"10":5,"11":5,"12":5,"13":5,"14":5,"15":5,"16":0,"17":5,"18":5},"f":{"0":0},"b":{},"_coverageSchema":"1a1c01bbd47fc00a2c39e90264f33305004495a9","hash":"c51406f3b1eaa43386c43659d7dd2752197ae415"}
,"C:\\Users\\Liliane\\Documents\\MyBrand-Backend\\jest.config.js": {"path":"C:\\Users\\Liliane\\Documents\\MyBrand-Backend\\jest.config.js","statementMap":{"0":{"start":{"line":7,"column":15},"end":{"line":204,"column":1}},"1":{"start":{"line":206,"column":0},"end":{"line":206,"column":24}}},"fnMap":{},"branchMap":{},"s":{"0":0,"1":0},"f":{},"b":{}}
,"C:\\Users\\Liliane\\Documents\\MyBrand-Backend\\server.js": {"path":"C:\\Users\\Liliane\\Documents\\MyBrand-Backend\\server.js","statementMap":{"0":{"start":{"line":1,"column":12},"end":{"line":1,"column":28}},"1":{"start":{"line":2,"column":17},"end":{"line":2,"column":36}},"2":{"start":{"line":5,"column":0},"end":{"line":11,"column":3}},"3":{"start":{"line":6,"column":2},"end":{"line":10,"column":65}},"4":{"start":{"line":8,"column":6},"end":{"line":8,"column":61}},"5":{"start":{"line":10,"column":16},"end":{"line":10,"column":63}}},"fnMap":{"0":{"name":"(anonymous_0)","decl":{"start":{"line":5,"column":29},"end":{"line":5,"column":30}},"loc":{"start":{"line":5,"column":35},"end":{"line":11,"column":1}},"line":5},"1":{"name":"(anonymous_1)","decl":{"start":{"line":7,"column":8},"end":{"line":7,"column":9}},"loc":{"start":{"line":7,"column":14},"end":{"line":9,"column":3}},"line":7},"2":{"name":"(anonymous_2)","decl":{"start":{"line":10,"column":9},"end":{"line":10,"column":10}},"loc":{"start":{"line":10,"column":16},"end":{"line":10,"column":63}},"line":10}},"branchMap":{},"s":{"0":0,"1":0,"2":0,"3":0,"4":0,"5":0},"f":{"0":0,"1":0,"2":0},"b":{}}
,"C:\\Users\\Liliane\\Documents\\MyBrand-Backend\\utils.js": {"path":"C:\\Users\\Liliane\\Documents\\MyBrand-Backend\\utils.js","statementMap":{"0":{"start":{"line":1,"column":12},"end":{"line":6,"column":2}},"1":{"start":{"line":2,"column":2},"end":{"line":5,"column":16}},"2":{"start":{"line":3,"column":4},"end":{"line":3,"column":17}},"3":{"start":{"line":5,"column":2},"end":{"line":5,"column":15}},"4":{"start":{"line":8,"column":1},"end":{"line":8,"column":24}}},"fnMap":{"0":{"name":"(anonymous_0)","decl":{"start":{"line":1,"column":12},"end":{"line":1,"column":13}},"loc":{"start":{"line":1,"column":20},"end":{"line":6,"column":2}},"line":1}},"branchMap":{"0":{"loc":{"start":{"line":2,"column":2},"end":{"line":5,"column":16}},"type":"if","locations":[{"start":{"line":2,"column":2},"end":{"line":5,"column":16}},{"start":{"line":4,"column":7},"end":{"line":5,"column":16}}],"line":2}},"s":{"0":0,"1":0,"2":0,"3":0,"4":0},"f":{"0":0},"b":{"0":[0,0]}}
,"C:\\Users\\Liliane\\Documents\\MyBrand-Backend\\controllers\\auth.controller.js": {"path":"C:\\Users\\Liliane\\Documents\\MyBrand-Backend\\controllers\\auth.controller.js","statementMap":{"0":{"start":{"line":1,"column":20},"end":{"line":1,"column":51}},"1":{"start":{"line":2,"column":17},"end":{"line":2,"column":36}},"2":{"start":{"line":3,"column":12},"end":{"line":3,"column":35}},"3":{"start":{"line":4,"column":21},"end":{"line":4,"column":54}},"4":{"start":{"line":5,"column":18},"end":{"line":5,"column":53}},"5":{"start":{"line":11,"column":0},"end":{"line":11,"column":26}},"6":{"start":{"line":12,"column":15},"end":{"line":42,"column":1}},"7":{"start":{"line":13,"column":5},"end":{"line":41,"column":6}},"8":{"start":{"line":14,"column":56},"end":{"line":14,"column":64}},"9":{"start":{"line":16,"column":24},"end":{"line":16,"column":65}},"10":{"start":{"line":18,"column":7},"end":{"line":37,"column":8}},"11":{"start":{"line":19,"column":9},"end":{"line":19,"column":79}},"12":{"start":{"line":21,"column":32},"end":{"line":21,"column":63}},"13":{"start":{"line":23,"column":23},"end":{"line":28,"column":11}},"14":{"start":{"line":30,"column":25},"end":{"line":30,"column":45}},"15":{"start":{"line":31,"column":22},"end":{"line":31,"column":42}},"16":{"start":{"line":32,"column":23},"end":{"line":32,"column":56}},"17":{"start":{"line":34,"column":9},"end":{"line":34,"column":47}},"18":{"start":{"line":35,"column":9},"end":{"line":35,"column":81}},"19":{"start":{"line":39,"column":7},"end":{"line":39,"column":25}},"20":{"start":{"line":40,"column":7},"end":{"line":40,"column":43}},"21":{"start":{"line":44,"column":15},"end":{"line":68,"column":1}},"22":{"start":{"line":45,"column":32},"end":{"line":45,"column":40}},"23":{"start":{"line":46,"column":4},"end":{"line":67,"column":5}},"24":{"start":{"line":47,"column":26},"end":{"line":47,"column":66}},"25":{"start":{"line":48,"column":8},"end":{"line":48,"column":95}},"26":{"start":{"line":48,"column":24},"end":{"line":48,"column":95}},"27":{"start":{"line":50,"column":30},"end":{"line":50,"column":80}},"28":{"start":{"line":51,"column":8},"end":{"line":51,"column":99}},"29":{"start":{"line":51,"column":28},"end":{"line":51,"column":99}},"30":{"start":{"line":53,"column":22},"end":{"line":53,"column":81}},"31":{"start":{"line":55,"column":54},"end":{"line":55,"column":68}},"32":{"start":{"line":57,"column":27},"end":{"line":57,"column":57}},"33":{"start":{"line":59,"column":8},"end":{"line":62,"column":58}},"34":{"start":{"line":66,"column":8},"end":{"line":66,"column":44}},"35":{"start":{"line":70,"column":23},"end":{"line":86,"column":1}},"36":{"start":{"line":71,"column":4},"end":{"line":85,"column":5}},"37":{"start":{"line":72,"column":26},"end":{"line":72,"column":75}},"38":{"start":{"line":73,"column":8},"end":{"line":73,"column":72}},"39":{"start":{"line":73,"column":24},"end":{"line":73,"column":72}},"40":{"start":{"line":75,"column":20},"end":{"line":75,"column":98}},"41":{"start":{"line":77,"column":27},"end":{"line":77,"column":91}},"42":{"start":{"line":79,"column":8},"end":{"line":79,"column":67}},"43":{"start":{"line":81,"column":8},"end":{"line":81,"column":85}},"44":{"start":{"line":84,"column":8},"end":{"line":84,"column":36}},"45":{"start":{"line":88,"column":0},"end":{"line":92,"column":1}}},"fnMap":{"0":{"name":"(anonymous_0)","decl":{"start":{"line":12,"column":15},"end":{"line":12,"column":16}},"loc":{"start":{"line":12,"column":41},"end":{"line":42,"column":1}},"line":12},"1":{"name":"(anonymous_1)","decl":{"start":{"line":44,"column":15},"end":{"line":44,"column":16}},"loc":{"start":{"line":44,"column":41},"end":{"line":68,"column":1}},"line":44},"2":{"name":"(anonymous_2)","decl":{"start":{"line":70,"column":23},"end":{"line":70,"column":24}},"loc":{"start":{"line":70,"column":49},"end":{"line":86,"column":1}},"line":70}},"branchMap":{"0":{"loc":{"start":{"line":18,"column":7},"end":{"line":37,"column":8}},"type":"if","locations":[{"start":{"line":18,"column":7},"end":{"line":37,"column":8}},{"start":{"line":20,"column":14},"end":{"line":37,"column":8}}],"line":18},"1":{"loc":{"start":{"line":48,"column":8},"end":{"line":48,"column":95}},"type":"if","locations":[{"start":{"line":48,"column":8},"end":{"line":48,"column":95}},{"start":{},"end":{}}],"line":48},"2":{"loc":{"start":{"line":51,"column":8},"end":{"line":51,"column":99}},"type":"if","locations":[{"start":{"line":51,"column":8},"end":{"line":51,"column":99}},{"start":{},"end":{}}],"line":51},"3":{"loc":{"start":{"line":73,"column":8},"end":{"line":73,"column":72}},"type":"if","locations":[{"start":{"line":73,"column":8},"end":{"line":73,"column":72}},{"start":{},"end":{}}],"line":73}},"s":{"0":5,"1":5,"2":5,"3":5,"4":5,"5":5,"6":5,"7":2,"8":2,"9":2,"10":2,"11":1,"12":1,"13":1,"14":1,"15":1,"16":1,"17":1,"18":1,"19":0,"20":0,"21":5,"22":2,"23":2,"24":2,"25":2,"26":0,"27":2,"28":2,"29":1,"30":1,"31":1,"32":1,"33":1,"34":0,"35":5,"36":0,"37":0,"38":0,"39":0,"40":0,"41":0,"42":0,"43":0,"44":0,"45":5},"f":{"0":2,"1":2,"2":0},"b":{"0":[1,1],"1":[0,2],"2":[1,1],"3":[0,0]},"_coverageSchema":"1a1c01bbd47fc00a2c39e90264f33305004495a9","hash":"f43317f669ccf1cd6d6b8a06c11b84b9444453c3"}
,"C:\\Users\\Liliane\\Documents\\MyBrand-Backend\\controllers\\blog.controller.js": {"path":"C:\\Users\\Liliane\\Documents\\MyBrand-Backend\\controllers\\blog.controller.js","statementMap":{"0":{"start":{"line":2,"column":20},"end":{"line":2,"column":51}},"1":{"start":{"line":3,"column":21},"end":{"line":3,"column":54}},"2":{"start":{"line":4,"column":19},"end":{"line":4,"column":47}},"3":{"start":{"line":5,"column":16},"end":{"line":25,"column":1}},"4":{"start":{"line":6,"column":2},"end":{"line":24,"column":3}},"5":{"start":{"line":7,"column":27},"end":{"line":7,"column":35}},"6":{"start":{"line":8,"column":20},"end":{"line":8,"column":72}},"7":{"start":{"line":10,"column":4},"end":{"line":18,"column":5}},"8":{"start":{"line":11,"column":6},"end":{"line":11,"column":93}},"9":{"start":{"line":13,"column":22},"end":{"line":13,"column":54}},"10":{"start":{"line":14,"column":4},"end":{"line":17,"column":7}},"11":{"start":{"line":21,"column":4},"end":{"line":21,"column":23}},"12":{"start":{"line":22,"column":4},"end":{"line":22,"column":32}},"13":{"start":{"line":26,"column":17},"end":{"line":36,"column":1}},"14":{"start":{"line":27,"column":2},"end":{"line":35,"column":3}},"15":{"start":{"line":28,"column":19},"end":{"line":28,"column":43}},"16":{"start":{"line":29,"column":4},"end":{"line":31,"column":7}},"17":{"start":{"line":33,"column":4},"end":{"line":33,"column":22}},"18":{"start":{"line":34,"column":4},"end":{"line":34,"column":32}},"19":{"start":{"line":37,"column":17},"end":{"line":52,"column":3}},"20":{"start":{"line":39,"column":2},"end":{"line":51,"column":1}},"21":{"start":{"line":40,"column":17},"end":{"line":40,"column":30}},"22":{"start":{"line":41,"column":20},"end":{"line":41,"column":52}},"23":{"start":{"line":42,"column":4},"end":{"line":44,"column":5}},"24":{"start":{"line":43,"column":6},"end":{"line":43,"column":61}},"25":{"start":{"line":45,"column":4},"end":{"line":47,"column":5}},"26":{"start":{"line":49,"column":2},"end":{"line":49,"column":21}},"27":{"start":{"line":50,"column":2},"end":{"line":50,"column":30}},"28":{"start":{"line":54,"column":21},"end":{"line":65,"column":3}},"29":{"start":{"line":55,"column":4},"end":{"line":64,"column":5}},"30":{"start":{"line":56,"column":24},"end":{"line":56,"column":72}},"31":{"start":{"line":57,"column":6},"end":{"line":61,"column":7}},"32":{"start":{"line":58,"column":8},"end":{"line":58,"column":70}},"33":{"start":{"line":60,"column":8},"end":{"line":60,"column":59}},"34":{"start":{"line":63,"column":6},"end":{"line":63,"column":34}},"35":{"start":{"line":66,"column":21},"end":{"line":85,"column":1}},"36":{"start":{"line":67,"column":4},"end":{"line":84,"column":5}},"37":{"start":{"line":68,"column":8},"end":{"line":68,"column":45}},"38":{"start":{"line":69,"column":22},"end":{"line":69,"column":61}},"39":{"start":{"line":70,"column":8},"end":{"line":70,"column":27}},"40":{"start":{"line":72,"column":26},"end":{"line":72,"column":89}},"41":{"start":{"line":73,"column":8},"end":{"line":75,"column":9}},"42":{"start":{"line":74,"column":10},"end":{"line":74,"column":65}},"43":{"start":{"line":76,"column":19},"end":{"line":76,"column":56}},"44":{"start":{"line":77,"column":8},"end":{"line":80,"column":10}},"45":{"start":{"line":82,"column":8},"end":{"line":82,"column":26}},"46":{"start":{"line":83,"column":8},"end":{"line":83,"column":44}},"47":{"start":{"line":87,"column":0},"end":{"line":93,"column":1}}},"fnMap":{"0":{"name":"(anonymous_0)","decl":{"start":{"line":5,"column":16},"end":{"line":5,"column":17}},"loc":{"start":{"line":5,"column":41},"end":{"line":25,"column":1}},"line":5},"1":{"name":"(anonymous_1)","decl":{"start":{"line":26,"column":17},"end":{"line":26,"column":18}},"loc":{"start":{"line":26,"column":43},"end":{"line":36,"column":1}},"line":26},"2":{"name":"(anonymous_2)","decl":{"start":{"line":37,"column":17},"end":{"line":37,"column":18}},"loc":{"start":{"line":37,"column":43},"end":{"line":52,"column":3}},"line":37},"3":{"name":"(anonymous_3)","decl":{"start":{"line":54,"column":21},"end":{"line":54,"column":22}},"loc":{"start":{"line":54,"column":46},"end":{"line":65,"column":3}},"line":54},"4":{"name":"(anonymous_4)","decl":{"start":{"line":66,"column":21},"end":{"line":66,"column":22}},"loc":{"start":{"line":66,"column":47},"end":{"line":85,"column":1}},"line":66}},"branchMap":{"0":{"loc":{"start":{"line":10,"column":4},"end":{"line":18,"column":5}},"type":"if","locations":[{"start":{"line":10,"column":4},"end":{"line":18,"column":5}},{"start":{"line":12,"column":11},"end":{"line":18,"column":5}}],"line":10},"1":{"loc":{"start":{"line":42,"column":4},"end":{"line":44,"column":5}},"type":"if","locations":[{"start":{"line":42,"column":4},"end":{"line":44,"column":5}},{"start":{},"end":{}}],"line":42},"2":{"loc":{"start":{"line":57,"column":6},"end":{"line":61,"column":7}},"type":"if","locations":[{"start":{"line":57,"column":6},"end":{"line":61,"column":7}},{"start":{"line":59,"column":13},"end":{"line":61,"column":7}}],"line":57},"3":{"loc":{"start":{"line":73,"column":8},"end":{"line":75,"column":9}},"type":"if","locations":[{"start":{"line":73,"column":8},"end":{"line":75,"column":9}},{"start":{},"end":{}}],"line":73}},"s":{"0":5,"1":5,"2":5,"3":5,"4":2,"5":2,"6":2,"7":2,"8":1,"9":1,"10":1,"11":0,"12":0,"13":5,"14":2,"15":2,"16":2,"17":0,"18":0,"19":5,"20":1,"21":1,"22":1,"23":1,"24":1,"25":0,"26":0,"27":0,"28":5,"29":1,"30":1,"31":1,"32":1,"33":0,"34":0,"35":5,"36":1,"37":1,"38":1,"39":1,"40":1,"41":1,"42":0,"43":1,"44":1,"45":0,"46":0,"47":5},"f":{"0":2,"1":2,"2":1,"3":1,"4":1},"b":{"0":[1,1],"1":[1,0],"2":[1,0],"3":[0,1]},"_coverageSchema":"1a1c01bbd47fc00a2c39e90264f33305004495a9","hash":"763fa794ab101c67dd3ba564ae2f6adf09dee768"}
,"C:\\Users\\Liliane\\Documents\\MyBrand-Backend\\controllers\\message.controller.js": {"path":"C:\\Users\\Liliane\\Documents\\MyBrand-Backend\\controllers\\message.controller.js","statementMap":{"0":{"start":{"line":1,"column":23},"end":{"line":1,"column":57}},"1":{"start":{"line":3,"column":20},"end":{"line":29,"column":1}},"2":{"start":{"line":4,"column":2},"end":{"line":26,"column":3}},"3":{"start":{"line":6,"column":34},"end":{"line":6,"column":42}},"4":{"start":{"line":9,"column":23},"end":{"line":14,"column":6}},"5":{"start":{"line":17,"column":24},"end":{"line":17,"column":47}},"6":{"start":{"line":18,"column":4},"end":{"line":21,"column":7}},"7":{"start":{"line":24,"column":4},"end":{"line":24,"column":25}},"8":{"start":{"line":25,"column":4},"end":{"line":25,"column":61}},"9":{"start":{"line":31,"column":23},"end":{"line":42,"column":1}},"10":{"start":{"line":32,"column":2},"end":{"line":41,"column":3}},"11":{"start":{"line":33,"column":26},"end":{"line":33,"column":77}},"12":{"start":{"line":34,"column":2},"end":{"line":38,"column":3}},"13":{"start":{"line":35,"column":4},"end":{"line":35,"column":69}},"14":{"start":{"line":37,"column":4},"end":{"line":37,"column":60}},"15":{"start":{"line":40,"column":6},"end":{"line":40,"column":36}},"16":{"start":{"line":44,"column":0},"end":{"line":44,"column":49}}},"fnMap":{"0":{"name":"(anonymous_0)","decl":{"start":{"line":3,"column":20},"end":{"line":3,"column":21}},"loc":{"start":{"line":3,"column":40},"end":{"line":29,"column":1}},"line":3},"1":{"name":"(anonymous_1)","decl":{"start":{"line":31,"column":23},"end":{"line":31,"column":24}},"loc":{"start":{"line":31,"column":42},"end":{"line":42,"column":1}},"line":31}},"branchMap":{"0":{"loc":{"start":{"line":34,"column":2},"end":{"line":38,"column":3}},"type":"if","locations":[{"start":{"line":34,"column":2},"end":{"line":38,"column":3}},{"start":{"line":36,"column":9},"end":{"line":38,"column":3}}],"line":34}},"s":{"0":5,"1":5,"2":1,"3":1,"4":1,"5":1,"6":1,"7":0,"8":0,"9":5,"10":0,"11":0,"12":0,"13":0,"14":0,"15":0,"16":5},"f":{"0":1,"1":0},"b":{"0":[0,0]},"_coverageSchema":"1a1c01bbd47fc00a2c39e90264f33305004495a9","hash":"fbaa35c1ceb688eb697fe2e488650d6057b6d38f"}
,"C:\\Users\\Liliane\\Documents\\MyBrand-Backend\\controllers\\subscribe.controller.js": {"path":"C:\\Users\\Liliane\\Documents\\MyBrand-Backend\\controllers\\subscribe.controller.js","statementMap":{"0":{"start":{"line":1,"column":25},"end":{"line":1,"column":61}},"1":{"start":{"line":2,"column":18},"end":{"line":2,"column":53}},"2":{"start":{"line":6,"column":23},"end":{"line":22,"column":1}},"3":{"start":{"line":7,"column":2},"end":{"line":21,"column":3}},"4":{"start":{"line":8,"column":20},"end":{"line":8,"column":28}},"5":{"start":{"line":9,"column":26},"end":{"line":9,"column":59}},"6":{"start":{"line":11,"column":28},"end":{"line":11,"column":54}},"7":{"start":{"line":12,"column":18},"end":{"line":12,"column":39}},"8":{"start":{"line":13,"column":18},"end":{"line":13,"column":75}},"9":{"start":{"line":15,"column":4},"end":{"line":15,"column":44}},"10":{"start":{"line":16,"column":4},"end":{"line":16,"column":94}},"11":{"start":{"line":19,"column":6},"end":{"line":19,"column":25}},"12":{"start":{"line":20,"column":6},"end":{"line":20,"column":41}},"13":{"start":{"line":26,"column":23},"end":{"line":38,"column":1}},"14":{"start":{"line":27,"column":1},"end":{"line":37,"column":2}},"15":{"start":{"line":28,"column":25},"end":{"line":28,"column":52}},"16":{"start":{"line":29,"column":2},"end":{"line":33,"column":4}},"17":{"start":{"line":35,"column":2},"end":{"line":35,"column":21}},"18":{"start":{"line":36,"column":2},"end":{"line":36,"column":36}},"19":{"start":{"line":41,"column":29},"end":{"line":50,"column":1}},"20":{"start":{"line":42,"column":2},"end":{"line":49,"column":3}},"21":{"start":{"line":43,"column":22},"end":{"line":43,"column":74}},"22":{"start":{"line":44,"column":33},"end":{"line":44,"column":60}},"23":{"start":{"line":45,"column":4},"end":{"line":45,"column":98}},"24":{"start":{"line":47,"column":4},"end":{"line":47,"column":22}},"25":{"start":{"line":48,"column":4},"end":{"line":48,"column":66}},"26":{"start":{"line":52,"column":0},"end":{"line":52,"column":69}}},"fnMap":{"0":{"name":"(anonymous_0)","decl":{"start":{"line":6,"column":23},"end":{"line":6,"column":24}},"loc":{"start":{"line":6,"column":39},"end":{"line":22,"column":1}},"line":6},"1":{"name":"(anonymous_1)","decl":{"start":{"line":26,"column":23},"end":{"line":26,"column":24}},"loc":{"start":{"line":26,"column":39},"end":{"line":38,"column":1}},"line":26},"2":{"name":"(anonymous_2)","decl":{"start":{"line":41,"column":29},"end":{"line":41,"column":30}},"loc":{"start":{"line":41,"column":47},"end":{"line":50,"column":1}},"line":41}},"branchMap":{},"s":{"0":5,"1":5,"2":5,"3":1,"4":1,"5":1,"6":1,"7":1,"8":1,"9":1,"10":1,"11":0,"12":0,"13":5,"14":0,"15":0,"16":0,"17":0,"18":0,"19":5,"20":0,"21":0,"22":0,"23":0,"24":0,"25":0,"26":5},"f":{"0":1,"1":0,"2":0},"b":{},"_coverageSchema":"1a1c01bbd47fc00a2c39e90264f33305004495a9","hash":"acd8a1c70cdd14f47f27bf965b908a7f96f28911"}
,"C:\\Users\\Liliane\\Documents\\MyBrand-Backend\\controllers\\user.controller.js": {"path":"C:\\Users\\Liliane\\Documents\\MyBrand-Backend\\controllers\\user.controller.js","statementMap":{"0":{"start":{"line":1,"column":20},"end":{"line":1,"column":51}},"1":{"start":{"line":4,"column":16},"end":{"line":16,"column":1}},"2":{"start":{"line":5,"column":2},"end":{"line":15,"column":3}},"3":{"start":{"line":6,"column":23},"end":{"line":6,"column":55}},"4":{"start":{"line":7,"column":4},"end":{"line":10,"column":7}},"5":{"start":{"line":13,"column":4},"end":{"line":13,"column":22}},"6":{"start":{"line":14,"column":4},"end":{"line":14,"column":32}},"7":{"start":{"line":19,"column":17},"end":{"line":29,"column":1}},"8":{"start":{"line":20,"column":2},"end":{"line":28,"column":3}},"9":{"start":{"line":21,"column":19},"end":{"line":21,"column":43}},"10":{"start":{"line":22,"column":4},"end":{"line":24,"column":7}},"11":{"start":{"line":26,"column":4},"end":{"line":26,"column":22}},"12":{"start":{"line":27,"column":4},"end":{"line":27,"column":32}},"13":{"start":{"line":31,"column":17},"end":{"line":46,"column":1}},"14":{"start":{"line":32,"column":2},"end":{"line":45,"column":3}},"15":{"start":{"line":33,"column":19},"end":{"line":33,"column":31}},"16":{"start":{"line":34,"column":22},"end":{"line":34,"column":54}},"17":{"start":{"line":36,"column":4},"end":{"line":42,"column":5}},"18":{"start":{"line":37,"column":6},"end":{"line":39,"column":9}},"19":{"start":{"line":41,"column":6},"end":{"line":41,"column":58}},"20":{"start":{"line":44,"column":4},"end":{"line":44,"column":51}},"21":{"start":{"line":48,"column":20},"end":{"line":58,"column":1}},"22":{"start":{"line":49,"column":2},"end":{"line":57,"column":3}},"23":{"start":{"line":50,"column":20},"end":{"line":50,"column":36}},"24":{"start":{"line":51,"column":20},"end":{"line":51,"column":62}},"25":{"start":{"line":52,"column":4},"end":{"line":54,"column":7}},"26":{"start":{"line":56,"column":4},"end":{"line":56,"column":32}},"27":{"start":{"line":60,"column":15},"end":{"line":71,"column":1}},"28":{"start":{"line":61,"column":2},"end":{"line":70,"column":3}},"29":{"start":{"line":62,"column":22},"end":{"line":62,"column":69}},"30":{"start":{"line":63,"column":4},"end":{"line":67,"column":5}},"31":{"start":{"line":64,"column":6},"end":{"line":64,"column":70}},"32":{"start":{"line":66,"column":6},"end":{"line":66,"column":59}},"33":{"start":{"line":69,"column":4},"end":{"line":69,"column":32}},"34":{"start":{"line":73,"column":15},"end":{"line":89,"column":1}},"35":{"start":{"line":74,"column":2},"end":{"line":88,"column":3}},"36":{"start":{"line":75,"column":4},"end":{"line":75,"column":40}},"37":{"start":{"line":76,"column":22},"end":{"line":76,"column":88}},"38":{"start":{"line":77,"column":4},"end":{"line":79,"column":5}},"39":{"start":{"line":78,"column":6},"end":{"line":78,"column":62}},"40":{"start":{"line":80,"column":15},"end":{"line":80,"column":56}},"41":{"start":{"line":81,"column":4},"end":{"line":84,"column":7}},"42":{"start":{"line":86,"column":4},"end":{"line":86,"column":23}},"43":{"start":{"line":87,"column":4},"end":{"line":87,"column":40}},"44":{"start":{"line":90,"column":0},"end":{"line":97,"column":2}}},"fnMap":{"0":{"name":"(anonymous_0)","decl":{"start":{"line":4,"column":16},"end":{"line":4,"column":17}},"loc":{"start":{"line":4,"column":42},"end":{"line":16,"column":1}},"line":4},"1":{"name":"(anonymous_1)","decl":{"start":{"line":19,"column":17},"end":{"line":19,"column":18}},"loc":{"start":{"line":19,"column":43},"end":{"line":29,"column":1}},"line":19},"2":{"name":"(anonymous_2)","decl":{"start":{"line":31,"column":17},"end":{"line":31,"column":18}},"loc":{"start":{"line":31,"column":43},"end":{"line":46,"column":1}},"line":31},"3":{"name":"(anonymous_3)","decl":{"start":{"line":48,"column":20},"end":{"line":48,"column":21}},"loc":{"start":{"line":48,"column":46},"end":{"line":58,"column":1}},"line":48},"4":{"name":"(anonymous_4)","decl":{"start":{"line":60,"column":15},"end":{"line":60,"column":16}},"loc":{"start":{"line":60,"column":41},"end":{"line":71,"column":1}},"line":60},"5":{"name":"(anonymous_5)","decl":{"start":{"line":73,"column":15},"end":{"line":73,"column":16}},"loc":{"start":{"line":73,"column":41},"end":{"line":89,"column":1}},"line":73}},"branchMap":{"0":{"loc":{"start":{"line":36,"column":4},"end":{"line":42,"column":5}},"type":"if","locations":[{"start":{"line":36,"column":4},"end":{"line":42,"column":5}},{"start":{"line":40,"column":11},"end":{"line":42,"column":5}}],"line":36},"1":{"loc":{"start":{"line":63,"column":4},"end":{"line":67,"column":5}},"type":"if","locations":[{"start":{"line":63,"column":4},"end":{"line":67,"column":5}},{"start":{"line":65,"column":11},"end":{"line":67,"column":5}}],"line":63},"2":{"loc":{"start":{"line":77,"column":4},"end":{"line":79,"column":5}},"type":"if","locations":[{"start":{"line":77,"column":4},"end":{"line":79,"column":5}},{"start":{},"end":{}}],"line":77}},"s":{"0":5,"1":5,"2":1,"3":1,"4":0,"5":1,"6":1,"7":5,"8":0,"9":0,"10":0,"11":0,"12":0,"13":5,"14":0,"15":0,"16":0,"17":0,"18":0,"19":0,"20":0,"21":5,"22":0,"23":0,"24":0,"25":0,"26":0,"27":5,"28":0,"29":0,"30":0,"31":0,"32":0,"33":0,"34":5,"35":0,"36":0,"37":0,"38":0,"39":0,"40":0,"41":0,"42":0,"43":0,"44":5},"f":{"0":1,"1":0,"2":0,"3":0,"4":0,"5":0},"b":{"0":[0,0],"1":[0,0],"2":[0,0]},"_coverageSchema":"1a1c01bbd47fc00a2c39e90264f33305004495a9","hash":"a7f522f28d61c041447839dfc1186f405f261da8"}
,"C:\\Users\\Liliane\\Documents\\MyBrand-Backend\\database\\db.js": {"path":"C:\\Users\\Liliane\\Documents\\MyBrand-Backend\\database\\db.js","statementMap":{},"fnMap":{},"branchMap":{},"s":{},"f":{},"b":{}}
,"C:\\Users\\Liliane\\Documents\\MyBrand-Backend\\errors\\errorHandler.js": {"path":"C:\\Users\\Liliane\\Documents\\MyBrand-Backend\\errors\\errorHandler.js","statementMap":{"0":{"start":{"line":1,"column":21},"end":{"line":6,"column":1}},"1":{"start":{"line":2,"column":18},"end":{"line":2,"column":29}},"2":{"start":{"line":3,"column":4},"end":{"line":3,"column":34}},"3":{"start":{"line":4,"column":4},"end":{"line":4,"column":28}},"4":{"start":{"line":5,"column":4},"end":{"line":5,"column":17}},"5":{"start":{"line":8,"column":0},"end":{"line":8,"column":30}}},"fnMap":{"0":{"name":"(anonymous_0)","decl":{"start":{"line":1,"column":21},"end":{"line":1,"column":22}},"loc":{"start":{"line":1,"column":46},"end":{"line":6,"column":1}},"line":1}},"branchMap":{},"s":{"0":5,"1":2,"2":2,"3":2,"4":2,"5":5},"f":{"0":2},"b":{},"_coverageSchema":"1a1c01bbd47fc00a2c39e90264f33305004495a9","hash":"d1b0bde17952ac7d25e5912008a86e2cb377c084"}
,"C:\\Users\\Liliane\\Documents\\MyBrand-Backend\\middlewares\\sendEmail.js": {"path":"C:\\Users\\Liliane\\Documents\\MyBrand-Backend\\middlewares\\sendEmail.js","statementMap":{"0":{"start":{"line":2,"column":19},"end":{"line":2,"column":40}},"1":{"start":{"line":4,"column":18},"end":{"line":35,"column":1}},"2":{"start":{"line":5,"column":4},"end":{"line":34,"column":5}},"3":{"start":{"line":6,"column":28},"end":{"line":13,"column":10}},"4":{"start":{"line":15,"column":24},"end":{"line":20,"column":9}},"5":{"start":{"line":22,"column":8},"end":{"line":30,"column":11}},"6":{"start":{"line":23,"column":12},"end":{"line":29,"column":13}},"7":{"start":{"line":24,"column":16},"end":{"line":24,"column":60}},"8":{"start":{"line":25,"column":16},"end":{"line":25,"column":29}},"9":{"start":{"line":27,"column":16},"end":{"line":27,"column":59}},"10":{"start":{"line":28,"column":16},"end":{"line":28,"column":53}},"11":{"start":{"line":32,"column":8},"end":{"line":32,"column":27}},"12":{"start":{"line":33,"column":8},"end":{"line":33,"column":21}},"13":{"start":{"line":37,"column":0},"end":{"line":37,"column":27}}},"fnMap":{"0":{"name":"(anonymous_0)","decl":{"start":{"line":4,"column":18},"end":{"line":4,"column":19}},"loc":{"start":{"line":4,"column":50},"end":{"line":35,"column":1}},"line":4},"1":{"name":"(anonymous_1)","decl":{"start":{"line":22,"column":44},"end":{"line":22,"column":45}},"loc":{"start":{"line":22,"column":67},"end":{"line":30,"column":9}},"line":22}},"branchMap":{"0":{"loc":{"start":{"line":23,"column":12},"end":{"line":29,"column":13}},"type":"if","locations":[{"start":{"line":23,"column":12},"end":{"line":29,"column":13}},{"start":{"line":26,"column":19},"end":{"line":29,"column":13}}],"line":23}},"s":{"0":5,"1":5,"2":2,"3":2,"4":2,"5":2,"6":0,"7":0,"8":0,"9":0,"10":0,"11":0,"12":0,"13":5},"f":{"0":2,"1":0},"b":{"0":[0,0]},"_coverageSchema":"1a1c01bbd47fc00a2c39e90264f33305004495a9","hash":"4b0377c7ea343b4e16e06b852d0643208e8aa310"}
,"C:\\Users\\Liliane\\Documents\\MyBrand-Backend\\models\\blog.model.js": {"path":"C:\\Users\\Liliane\\Documents\\MyBrand-Backend\\models\\blog.model.js","statementMap":{"0":{"start":{"line":1,"column":24},"end":{"line":1,"column":43}},"1":{"start":{"line":3,"column":19},"end":{"line":23,"column":2}},"2":{"start":{"line":24,"column":18},"end":{"line":24,"column":44}},"3":{"start":{"line":25,"column":0},"end":{"line":25,"column":28}}},"fnMap":{},"branchMap":{},"s":{"0":5,"1":5,"2":5,"3":5},"f":{},"b":{},"_coverageSchema":"1a1c01bbd47fc00a2c39e90264f33305004495a9","hash":"896b74e580c8a374088e776d997d4e432a9786f0"}
,"C:\\Users\\Liliane\\Documents\\MyBrand-Backend\\models\\message.model.js": {"path":"C:\\Users\\Liliane\\Documents\\MyBrand-Backend\\models\\message.model.js","statementMap":{"0":{"start":{"line":1,"column":24},"end":{"line":1,"column":43}},"1":{"start":{"line":3,"column":22},"end":{"line":18,"column":2}},"2":{"start":{"line":20,"column":19},"end":{"line":20,"column":50}},"3":{"start":{"line":21,"column":0},"end":{"line":21,"column":32}}},"fnMap":{},"branchMap":{},"s":{"0":5,"1":5,"2":5,"3":5},"f":{},"b":{},"_coverageSchema":"1a1c01bbd47fc00a2c39e90264f33305004495a9","hash":"bf4366f66c818f4749b639654e9eae75a2d4b24d"}
,"C:\\Users\\Liliane\\Documents\\MyBrand-Backend\\models\\subscribe.model.js": {"path":"C:\\Users\\Liliane\\Documents\\MyBrand-Backend\\models\\subscribe.model.js","statementMap":{"0":{"start":{"line":1,"column":24},"end":{"line":1,"column":43}},"1":{"start":{"line":3,"column":24},"end":{"line":8,"column":2}},"2":{"start":{"line":10,"column":21},"end":{"line":10,"column":56}},"3":{"start":{"line":11,"column":0},"end":{"line":11,"column":33}}},"fnMap":{},"branchMap":{},"s":{"0":5,"1":5,"2":5,"3":5},"f":{},"b":{},"_coverageSchema":"1a1c01bbd47fc00a2c39e90264f33305004495a9","hash":"3bded1617618e6e1e4881fce53a793b9e9d1ce02"}
,"C:\\Users\\Liliane\\Documents\\MyBrand-Backend\\models\\user.model.js": {"path":"C:\\Users\\Liliane\\Documents\\MyBrand-Backend\\models\\user.model.js","statementMap":{"0":{"start":{"line":1,"column":26},"end":{"line":1,"column":45}},"1":{"start":{"line":3,"column":19},"end":{"line":31,"column":3}},"2":{"start":{"line":33,"column":18},"end":{"line":33,"column":43}},"3":{"start":{"line":34,"column":0},"end":{"line":34,"column":29}}},"fnMap":{},"branchMap":{},"s":{"0":5,"1":5,"2":5,"3":5},"f":{},"b":{},"_coverageSchema":"1a1c01bbd47fc00a2c39e90264f33305004495a9","hash":"4168f30f41b617ee210dd0ac83b4fe46eb3cc7e0"}
,"C:\\Users\\Liliane\\Documents\\MyBrand-Backend\\routes\\auth.routes.js": {"path":"C:\\Users\\Liliane\\Documents\\MyBrand-Backend\\routes\\auth.routes.js","statementMap":{"0":{"start":{"line":1,"column":16},"end":{"line":1,"column":34}},"1":{"start":{"line":6,"column":4},"end":{"line":6,"column":45}},"2":{"start":{"line":7,"column":18},"end":{"line":7,"column":34}},"3":{"start":{"line":47,"column":0},"end":{"line":47,"column":34}},"4":{"start":{"line":87,"column":0},"end":{"line":87,"column":34}},"5":{"start":{"line":115,"column":0},"end":{"line":115,"column":44}},"6":{"start":{"line":117,"column":0},"end":{"line":117,"column":27}}},"fnMap":{},"branchMap":{},"s":{"0":5,"1":5,"2":5,"3":5,"4":5,"5":5,"6":5},"f":{},"b":{},"_coverageSchema":"1a1c01bbd47fc00a2c39e90264f33305004495a9","hash":"a7e52457342214d2f5787fd43c43d24a1e4dc3ac"}
,"C:\\Users\\Liliane\\Documents\\MyBrand-Backend\\routes\\blog.routes.js": {"path":"C:\\Users\\Liliane\\Documents\\MyBrand-Backend\\routes\\blog.routes.js","statementMap":{"0":{"start":{"line":1,"column":16},"end":{"line":1,"column":34}},"1":{"start":{"line":2,"column":19},"end":{"line":2,"column":35}},"2":{"start":{"line":9,"column":4},"end":{"line":9,"column":45}},"3":{"start":{"line":46,"column":0},"end":{"line":46,"column":33}},"4":{"start":{"line":66,"column":0},"end":{"line":66,"column":30}},"5":{"start":{"line":93,"column":0},"end":{"line":93,"column":33}},"6":{"start":{"line":129,"column":0},"end":{"line":129,"column":35}},"7":{"start":{"line":152,"column":0},"end":{"line":152,"column":38}},"8":{"start":{"line":154,"column":0},"end":{"line":154,"column":28}}},"fnMap":{},"branchMap":{},"s":{"0":5,"1":5,"2":5,"3":5,"4":5,"5":5,"6":5,"7":5,"8":5},"f":{},"b":{},"_coverageSchema":"1a1c01bbd47fc00a2c39e90264f33305004495a9","hash":"806f350c1d28f649c953143fa42360862a72a483"}
,"C:\\Users\\Liliane\\Documents\\MyBrand-Backend\\routes\\index.js": {"path":"C:\\Users\\Liliane\\Documents\\MyBrand-Backend\\routes\\index.js","statementMap":{"0":{"start":{"line":2,"column":19},"end":{"line":2,"column":43}},"1":{"start":{"line":3,"column":18},"end":{"line":3,"column":42}},"2":{"start":{"line":4,"column":19},"end":{"line":4,"column":43}},"3":{"start":{"line":5,"column":22},"end":{"line":5,"column":48}},"4":{"start":{"line":6,"column":24},"end":{"line":6,"column":53}},"5":{"start":{"line":7,"column":16},"end":{"line":7,"column":34}},"6":{"start":{"line":10,"column":18},"end":{"line":10,"column":34}},"7":{"start":{"line":13,"column":0},"end":{"line":13,"column":36}},"8":{"start":{"line":14,"column":0},"end":{"line":14,"column":34}},"9":{"start":{"line":15,"column":0},"end":{"line":15,"column":35}},"10":{"start":{"line":16,"column":0},"end":{"line":16,"column":42}},"11":{"start":{"line":17,"column":0},"end":{"line":17,"column":47}},"12":{"start":{"line":19,"column":0},"end":{"line":19,"column":27}}},"fnMap":{},"branchMap":{},"s":{"0":5,"1":5,"2":5,"3":5,"4":5,"5":5,"6":5,"7":5,"8":5,"9":5,"10":5,"11":5,"12":5},"f":{},"b":{},"_coverageSchema":"1a1c01bbd47fc00a2c39e90264f33305004495a9","hash":"9db392edae4d11637a3b5a9e5210e3d553c0ae26"}
,"C:\\Users\\Liliane\\Documents\\MyBrand-Backend\\routes\\message.route.js": {"path":"C:\\Users\\Liliane\\Documents\\MyBrand-Backend\\routes\\message.route.js","statementMap":{"0":{"start":{"line":1,"column":16},"end":{"line":1,"column":34}},"1":{"start":{"line":2,"column":22},"end":{"line":2,"column":38}},"2":{"start":{"line":3,"column":23},"end":{"line":3,"column":67}},"3":{"start":{"line":5,"column":0},"end":{"line":5,"column":37}},"4":{"start":{"line":7,"column":0},"end":{"line":7,"column":31}},"5":{"start":{"line":54,"column":0},"end":{"line":54,"column":37}},"6":{"start":{"line":56,"column":0},"end":{"line":56,"column":31}}},"fnMap":{},"branchMap":{},"s":{"0":5,"1":5,"2":5,"3":5,"4":5,"5":5,"6":5},"f":{},"b":{},"_coverageSchema":"1a1c01bbd47fc00a2c39e90264f33305004495a9","hash":"2e5b26d46bb00a89731ddbe09b07b36ea6823d20"}
,"C:\\Users\\Liliane\\Documents\\MyBrand-Backend\\routes\\subscribe.router.js": {"path":"C:\\Users\\Liliane\\Documents\\MyBrand-Backend\\routes\\subscribe.router.js","statementMap":{"0":{"start":{"line":1,"column":16},"end":{"line":1,"column":34}},"1":{"start":{"line":2,"column":24},"end":{"line":2,"column":40}},"2":{"start":{"line":3,"column":62},"end":{"line":3,"column":108}},"3":{"start":{"line":7,"column":0},"end":{"line":7,"column":42}},"4":{"start":{"line":8,"column":0},"end":{"line":8,"column":41}},"5":{"start":{"line":9,"column":0},"end":{"line":9,"column":48}},"6":{"start":{"line":12,"column":0},"end":{"line":12,"column":33}}},"fnMap":{},"branchMap":{},"s":{"0":5,"1":5,"2":5,"3":5,"4":5,"5":5,"6":5},"f":{},"b":{},"_coverageSchema":"1a1c01bbd47fc00a2c39e90264f33305004495a9","hash":"df4d20c06753146e27930b41f66185e5ad3f87ae"}
,"C:\\Users\\Liliane\\Documents\\MyBrand-Backend\\routes\\user.routes.js": {"path":"C:\\Users\\Liliane\\Documents\\MyBrand-Backend\\routes\\user.routes.js","statementMap":{"0":{"start":{"line":1,"column":16},"end":{"line":1,"column":34}},"1":{"start":{"line":2,"column":19},"end":{"line":2,"column":35}},"2":{"start":{"line":10,"column":4},"end":{"line":10,"column":45}},"3":{"start":{"line":41,"column":0},"end":{"line":41,"column":29}},"4":{"start":{"line":61,"column":0},"end":{"line":61,"column":30}},"5":{"start":{"line":88,"column":0},"end":{"line":88,"column":33}},"6":{"start":{"line":121,"column":0},"end":{"line":121,"column":31}},"7":{"start":{"line":144,"column":0},"end":{"line":144,"column":34}},"8":{"start":{"line":169,"column":0},"end":{"line":169,"column":45}},"9":{"start":{"line":171,"column":0},"end":{"line":171,"column":28}}},"fnMap":{},"branchMap":{},"s":{"0":5,"1":5,"2":5,"3":5,"4":5,"5":5,"6":5,"7":5,"8":5,"9":5},"f":{},"b":{},"_coverageSchema":"1a1c01bbd47fc00a2c39e90264f33305004495a9","hash":"0edf117085daa16eb0190ff40d4a98bee11b28df"}
}
