TN:
SF:app.js
FN:51,(anonymous_0)
FNF:1
FNH:0
FNDA:0,(anonymous_0)
DA:1,5
DA:2,5
DA:3,5
DA:4,5
DA:5,5
DA:6,5
DA:7,5
DA:8,5
DA:10,5
DA:13,5
DA:16,5
DA:19,5
DA:22,5
DA:45,5
DA:48,5
DA:51,5
DA:52,0
DA:58,5
DA:61,5
LF:19
LH:18
BRF:0
BRH:0
end_of_record
TN:
SF:jest.config.js
FNF:0
FNH:0
DA:7,0
DA:206,0
LF:2
LH:0
BRF:0
BRH:0
end_of_record
TN:
SF:server.js
FN:5,(anonymous_0)
FN:7,(anonymous_1)
FN:10,(anonymous_2)
FNF:3
FNH:0
FNDA:0,(anonymous_0)
FNDA:0,(anonymous_1)
FNDA:0,(anonymous_2)
DA:1,0
DA:2,0
DA:5,0
DA:6,0
DA:8,0
DA:10,0
LF:6
LH:0
BRF:0
BRH:0
end_of_record
TN:
SF:utils.js
FN:1,(anonymous_0)
FNF:1
FNH:0
FNDA:0,(anonymous_0)
DA:1,0
DA:2,0
DA:3,0
DA:5,0
DA:8,0
LF:5
LH:0
BRDA:2,0,0,0
BRDA:2,0,1,0
BRF:2
BRH:0
end_of_record
TN:
SF:controllers\auth.controller.js
FN:12,(anonymous_0)
FN:44,(anonymous_1)
FN:70,(anonymous_2)
FNF:3
FNH:2
FNDA:2,(anonymous_0)
FNDA:2,(anonymous_1)
FNDA:0,(anonymous_2)
DA:1,5
DA:2,5
DA:3,5
DA:4,5
DA:5,5
DA:11,5
DA:12,5
DA:13,2
DA:14,2
DA:16,2
DA:18,2
DA:19,1
DA:21,1
DA:23,1
DA:30,1
DA:31,1
DA:32,1
DA:34,1
DA:35,1
DA:39,0
DA:40,0
DA:44,5
DA:45,2
DA:46,2
DA:47,2
DA:48,2
DA:50,2
DA:51,2
DA:53,1
DA:55,1
DA:57,1
DA:59,1
DA:66,0
DA:70,5
DA:71,0
DA:72,0
DA:73,0
DA:75,0
DA:77,0
DA:79,0
DA:81,0
DA:84,0
DA:88,5
LF:43
LH:32
BRDA:18,0,0,1
BRDA:18,0,1,1
BRDA:48,1,0,0
BRDA:48,1,1,2
BRDA:51,2,0,1
BRDA:51,2,1,1
BRDA:73,3,0,0
BRDA:73,3,1,0
BRF:8
BRH:5
end_of_record
TN:
SF:controllers\blog.controller.js
FN:5,(anonymous_0)
FN:26,(anonymous_1)
FN:37,(anonymous_2)
FN:54,(anonymous_3)
FN:66,(anonymous_4)
FNF:5
FNH:5
FNDA:2,(anonymous_0)
FNDA:2,(anonymous_1)
FNDA:1,(anonymous_2)
FNDA:1,(anonymous_3)
FNDA:1,(anonymous_4)
DA:2,5
DA:3,5
DA:4,5
DA:5,5
DA:6,2
DA:7,2
DA:8,2
DA:10,2
DA:11,1
DA:13,1
DA:14,1
DA:21,0
DA:22,0
DA:26,5
DA:27,2
DA:28,2
DA:29,2
DA:33,0
DA:34,0
DA:37,5
DA:39,1
DA:40,1
DA:41,1
DA:42,1
DA:43,1
DA:45,0
DA:49,0
DA:50,0
DA:54,5
DA:55,1
DA:56,1
DA:57,1
DA:58,1
DA:60,0
DA:63,0
DA:66,5
DA:67,1
DA:68,1
DA:69,1
DA:70,1
DA:72,1
DA:73,1
DA:74,0
DA:76,1
DA:77,1
DA:82,0
DA:83,0
DA:87,5
LF:48
LH:36
BRDA:10,0,0,1
BRDA:10,0,1,1
BRDA:42,1,0,1
BRDA:42,1,1,0
BRDA:57,2,0,1
BRDA:57,2,1,0
BRDA:73,3,0,0
BRDA:73,3,1,1
BRF:8
BRH:5
end_of_record
TN:
SF:controllers\message.controller.js
FN:3,(anonymous_0)
FN:31,(anonymous_1)
FNF:2
FNH:1
FNDA:1,(anonymous_0)
FNDA:0,(anonymous_1)
DA:1,5
DA:3,5
DA:4,1
DA:6,1
DA:9,1
DA:17,1
DA:18,1
DA:24,0
DA:25,0
DA:31,5
DA:32,0
DA:33,0
DA:34,0
DA:35,0
DA:37,0
DA:40,0
DA:44,5
LF:17
LH:9
BRDA:34,0,0,0
BRDA:34,0,1,0
BRF:2
BRH:0
end_of_record
TN:
SF:controllers\subscribe.controller.js
FN:6,(anonymous_0)
FN:26,(anonymous_1)
FN:41,(anonymous_2)
FNF:3
FNH:1
FNDA:1,(anonymous_0)
FNDA:0,(anonymous_1)
FNDA:0,(anonymous_2)
DA:1,5
DA:2,5
DA:6,5
DA:7,1
DA:8,1
DA:9,1
DA:11,1
DA:12,1
DA:13,1
DA:15,1
DA:16,1
DA:19,0
DA:20,0
DA:26,5
DA:27,0
DA:28,0
DA:29,0
DA:35,0
DA:36,0
DA:41,5
DA:42,0
DA:43,0
DA:44,0
DA:45,0
DA:47,0
DA:48,0
DA:52,5
LF:27
LH:14
BRF:0
BRH:0
end_of_record
TN:
SF:controllers\user.controller.js
FN:4,(anonymous_0)
FN:19,(anonymous_1)
FN:31,(anonymous_2)
FN:48,(anonymous_3)
FN:60,(anonymous_4)
FN:73,(anonymous_5)
FNF:6
FNH:1
FNDA:1,(anonymous_0)
FNDA:0,(anonymous_1)
FNDA:0,(anonymous_2)
FNDA:0,(anonymous_3)
FNDA:0,(anonymous_4)
FNDA:0,(anonymous_5)
DA:1,5
DA:4,5
DA:5,1
DA:6,1
DA:7,0
DA:13,1
DA:14,1
DA:19,5
DA:20,0
DA:21,0
DA:22,0
DA:26,0
DA:27,0
DA:31,5
DA:32,0
DA:33,0
DA:34,0
DA:36,0
DA:37,0
DA:41,0
DA:44,0
DA:48,5
DA:49,0
DA:50,0
DA:51,0
DA:52,0
DA:56,0
DA:60,5
DA:61,0
DA:62,0
DA:63,0
DA:64,0
DA:66,0
DA:69,0
DA:73,5
DA:74,0
DA:75,0
DA:76,0
DA:77,0
DA:78,0
DA:80,0
DA:81,0
DA:86,0
DA:87,0
DA:90,5
LF:45
LH:12
BRDA:36,0,0,0
BRDA:36,0,1,0
BRDA:63,1,0,0
BRDA:63,1,1,0
BRDA:77,2,0,0
BRDA:77,2,1,0
BRF:6
BRH:0
end_of_record
TN:
SF:database\db.js
FNF:0
FNH:0
LF:0
LH:0
BRF:0
BRH:0
end_of_record
TN:
SF:errors\errorHandler.js
FN:1,(anonymous_0)
FNF:1
FNH:1
FNDA:2,(anonymous_0)
DA:1,5
DA:2,2
DA:3,2
DA:4,2
DA:5,2
DA:8,5
LF:6
LH:6
BRF:0
BRH:0
end_of_record
TN:
SF:middlewares\sendEmail.js
FN:4,(anonymous_0)
FN:22,(anonymous_1)
FNF:2
FNH:1
FNDA:2,(anonymous_0)
FNDA:0,(anonymous_1)
DA:2,5
DA:4,5
DA:5,2
DA:6,2
DA:15,2
DA:22,2
DA:23,0
DA:24,0
DA:25,0
DA:27,0
DA:28,0
DA:32,0
DA:33,0
DA:37,5
LF:14
LH:7
BRDA:23,0,0,0
BRDA:23,0,1,0
BRF:2
BRH:0
end_of_record
TN:
SF:models\blog.model.js
FNF:0
FNH:0
DA:1,5
DA:3,5
DA:24,5
DA:25,5
LF:4
LH:4
BRF:0
BRH:0
end_of_record
TN:
SF:models\message.model.js
FNF:0
FNH:0
DA:1,5
DA:3,5
DA:20,5
DA:21,5
LF:4
LH:4
BRF:0
BRH:0
end_of_record
TN:
SF:models\subscribe.model.js
FNF:0
FNH:0
DA:1,5
DA:3,5
DA:10,5
DA:11,5
LF:4
LH:4
BRF:0
BRH:0
end_of_record
TN:
SF:models\user.model.js
FNF:0
FNH:0
DA:1,5
DA:3,5
DA:33,5
DA:34,5
LF:4
LH:4
BRF:0
BRH:0
end_of_record
TN:
SF:routes\auth.routes.js
FNF:0
FNH:0
DA:1,5
DA:6,5
DA:7,5
DA:47,5
DA:87,5
DA:115,5
DA:117,5
LF:7
LH:7
BRF:0
BRH:0
end_of_record
TN:
SF:routes\blog.routes.js
FNF:0
FNH:0
DA:1,5
DA:2,5
DA:9,5
DA:46,5
DA:66,5
DA:93,5
DA:129,5
DA:152,5
DA:154,5
LF:9
LH:9
BRF:0
BRH:0
end_of_record
TN:
SF:routes\index.js
FNF:0
FNH:0
DA:2,5
DA:3,5
DA:4,5
DA:5,5
DA:6,5
DA:7,5
DA:10,5
DA:13,5
DA:14,5
DA:15,5
DA:16,5
DA:17,5
DA:19,5
LF:13
LH:13
BRF:0
BRH:0
end_of_record
TN:
SF:routes\message.route.js
FNF:0
FNH:0
DA:1,5
DA:2,5
DA:3,5
DA:5,5
DA:7,5
DA:54,5
DA:56,5
LF:7
LH:7
BRF:0
BRH:0
end_of_record
TN:
SF:routes\subscribe.router.js
FNF:0
FNH:0
DA:1,5
DA:2,5
DA:3,5
DA:7,5
DA:8,5
DA:9,5
DA:12,5
LF:7
LH:7
BRF:0
BRH:0
end_of_record
TN:
SF:routes\user.routes.js
FNF:0
FNH:0
DA:1,5
DA:2,5
DA:10,5
DA:41,5
DA:61,5
DA:88,5
DA:121,5
DA:144,5
DA:169,5
DA:171,5
LF:10
LH:10
BRF:0
BRH:0
end_of_record
